<?xml version="1.0" encoding="UTF-8"?>
<!-- Generated by org.testng.reporters.JUnitXMLReporter -->
<testsuite ignored="0" hostname="Apples-MBP.fritz.box" failures="0" tests="5" name="Default test" time="43.794" errors="0" timestamp="03 Jan 2021 19:43:50 GMT">
  <testcase classname="com.hudl.qa.test.HomepageTest" name="validate_homeIcon_isDisplay" time="10.106"/>
  <testcase classname="com.hudl.qa.test.HomepageTest" name="validate_profile_isDisplay" time="0.08"/>
  <testcase classname="com.hudl.qa.test.HomepageTest" name="validate_videoLink_isDisplay" time="0.051"/>
  <testcase classname="com.hudl.qa.test.HomepageTest" name="validate_HighligthtLink_isDisplay" time="0.081"/>
  <testcase classname="com.hudl.qa.test.HomepageTest" name="validate_reportLink_isDisplay" time="0.05"/>
</testsuite> <!-- Default test -->
