<?xml version="1.0" encoding="UTF-8"?>
<testng-results ignored="0" total="5" passed="5" failed="0" skipped="0">
  <reporter-output>
  </reporter-output>
  <suite started-at="2021-01-03T19:43:07Z" name="Default suite" finished-at="2021-01-03T19:43:50Z" duration-ms="43794">
    <groups>
    </groups>
    <test started-at="2021-01-03T19:43:07Z" name="Default test" finished-at="2021-01-03T19:43:50Z" duration-ms="43794">
      <class name="com.hudl.qa.test.HomepageTest">
        <test-method is-config="true" signature="setup()[pri:0, instance:com.hudl.qa.test.HomepageTest@2e377400]" started-at="2021-01-03T19:43:07Z" name="setup" finished-at="2021-01-03T19:43:39Z" duration-ms="32615" status="PASS">
          <reporter-output>
          </reporter-output>
        </test-method> <!-- setup -->
        <test-method signature="validate_homeIcon_isDisplay()[pri:1, instance:com.hudl.qa.test.HomepageTest@2e377400]" started-at="2021-01-03T19:43:39Z" name="validate_homeIcon_isDisplay" finished-at="2021-01-03T19:43:49Z" duration-ms="10106" status="PASS">
          <reporter-output>
          </reporter-output>
        </test-method> <!-- validate_homeIcon_isDisplay -->
        <test-method signature="validate_profile_isDisplay()[pri:2, instance:com.hudl.qa.test.HomepageTest@2e377400]" started-at="2021-01-03T19:43:49Z" name="validate_profile_isDisplay" finished-at="2021-01-03T19:43:49Z" duration-ms="80" status="PASS">
          <reporter-output>
          </reporter-output>
        </test-method> <!-- validate_profile_isDisplay -->
        <test-method signature="validate_videoLink_isDisplay()[pri:3, instance:com.hudl.qa.test.HomepageTest@2e377400]" started-at="2021-01-03T19:43:49Z" name="validate_videoLink_isDisplay" finished-at="2021-01-03T19:43:49Z" duration-ms="51" status="PASS">
          <reporter-output>
          </reporter-output>
        </test-method> <!-- validate_videoLink_isDisplay -->
        <test-method signature="validate_HighligthtLink_isDisplay()[pri:4, instance:com.hudl.qa.test.HomepageTest@2e377400]" started-at="2021-01-03T19:43:49Z" name="validate_HighligthtLink_isDisplay" finished-at="2021-01-03T19:43:50Z" duration-ms="81" status="PASS">
          <reporter-output>
          </reporter-output>
        </test-method> <!-- validate_HighligthtLink_isDisplay -->
        <test-method signature="validate_reportLink_isDisplay()[pri:5, instance:com.hudl.qa.test.HomepageTest@2e377400]" started-at="2021-01-03T19:43:50Z" name="validate_reportLink_isDisplay" finished-at="2021-01-03T19:43:50Z" duration-ms="50" status="PASS">
          <reporter-output>
          </reporter-output>
        </test-method> <!-- validate_reportLink_isDisplay -->
        <test-method is-config="true" signature="tearDown()[pri:0, instance:com.hudl.qa.test.HomepageTest@2e377400]" started-at="2021-01-03T19:43:50Z" name="tearDown" finished-at="2021-01-03T19:43:50Z" duration-ms="746" status="PASS">
          <reporter-output>
          </reporter-output>
        </test-method> <!-- tearDown -->
      </class> <!-- com.hudl.qa.test.HomepageTest -->
    </test> <!-- Default test -->
  </suite> <!-- Default suite -->
</testng-results>
